<?xml version="1.0" encoding="UTF-8"?>
<testng-results skipped="0" failed="0" ignored="0" total="1" passed="1">
  <reporter-output>
  </reporter-output>
  <suite name="Default suite" duration-ms="4377" started-at="2020-03-29T13:57:44Z" finished-at="2020-03-29T13:57:48Z">
    <groups>
    </groups>
    <test name="Default test" duration-ms="4377" started-at="2020-03-29T13:57:44Z" finished-at="2020-03-29T13:57:48Z">
      <class name="sample.StaticJson">
        <test-method status="PASS" signature="addBook()[pri:0, instance:sample.StaticJson@91161c7]" name="addBook" duration-ms="4345" started-at="2020-03-29T19:27:44Z" finished-at="2020-03-29T19:27:48Z">
          <reporter-output>
          </reporter-output>
        </test-method> <!-- addBook -->
      </class> <!-- sample.StaticJson -->
    </test> <!-- Default test -->
  </suite> <!-- Default suite -->
</testng-results>
