<?xml version="1.0" encoding="UTF-8"?>
<!-- Generated by org.testng.reporters.JUnitXMLReporter -->
<testsuite hostname="Vigneshwaran" ignored="2" name="basicnew" tests="1" failures="0" timestamp="25 Jan 2020 07:18:08 GMT" time="0.005" errors="0">
  <testcase name="mike2" time="0.001" classname="test.basic_3"/>
  <testcase name="mike3" time="0.0" classname="test.basic_3">
    <ignored/>
  </testcase> <!-- mike3 -->
  <testcase name="mike" time="0.0" classname="test.basic_3">
    <ignored/>
  </testcase> <!-- mike -->
</testsuite> <!-- basicnew -->
