<?xml version="1.0" encoding="UTF-8"?>
<!-- Generated by org.testng.reporters.JUnitXMLReporter -->
<testsuite hostname="Vigneshwaran" ignored="1" name="My First Run" tests="11" failures="0" timestamp="25 Jan 2020 09:22:53 GMT" time="0.094" errors="0">
  <testcase name="run" time="0.005" classname="test.basic_1"/>
  <testcase name="run2" time="0.003" classname="test.basic_1"/>
  <testcase name="paravalue" time="0.003" classname="test.basic_2"/>
  <testcase name="run" time="0.002" classname="test.basic_2"/>
  <testcase name="run2" time="0.002" classname="test.basic_2"/>
  <testcase name="run3" time="0.002" classname="test.basic_2"/>
  <testcase name="mike3" time="0.011" classname="test.basic_3"/>
  <testcase name="mike" time="0.001" classname="test.basic_3"/>
  <testcase name="datasetter" time="0.002" classname="test.basic_dataprovider"/>
  <testcase name="datasetter" time="0.002" classname="test.basic_dataprovider"/>
  <testcase name="datasetter" time="0.001" classname="test.basic_dataprovider"/>
  <testcase name="mike2" time="0.0" classname="test.basic_3">
    <ignored/>
  </testcase> <!-- mike2 -->
</testsuite> <!-- My First Run -->
