<?xml version="1.0" encoding="UTF-8"?>
<!-- Generated by org.testng.reporters.JUnitXMLReporter -->
<testsuite hostname="Vigneshwaran" ignored="0" name="Smokerunner" tests="3" failures="0" timestamp="25 Jan 2020 09:01:51 GMT" time="0.058" errors="0">
  <testcase name="datasetter" time="0.013" classname="test.basic_dataprovider"/>
  <testcase name="datasetter" time="0.002" classname="test.basic_dataprovider"/>
  <testcase name="datasetter" time="0.002" classname="test.basic_dataprovider"/>
</testsuite> <!-- Smokerunner -->
